#-----------------------------------------------------------
# Vivado v2019.2 (64-bit)
# SW Build 2708876 on Wed Nov  6 21:40:23 MST 2019
# IP Build 2700528 on Thu Nov  7 00:09:20 MST 2019
# Start of session at: Fri Jul 16 17:41:42 2021
# Process ID: 2744
# Current directory: C:/Users/Eternal/Desktop/QAQ/project_1
# Command line: vivado.exe -gui_launcher_event rodinguilauncherevent1524 C:\Users\Eternal\Desktop\QAQ\project_1\project_1.xpr
# Log file: C:/Users/Eternal/Desktop/QAQ/project_1/vivado.log
# Journal file: C:/Users/Eternal/Desktop/QAQ/project_1\vivado.jou
#-----------------------------------------------------------
start_gui
open_project C:/Users/Eternal/Desktop/QAQ/project_1/project_1.xpr
CRITICAL WARNING: [Project 1-19] Could not find the file 'C:/Users/Eternal/Desktop/QAQ/mem.v'.
Scanning sources...
Finished scanning sources
INFO: [IP_Flow 19-234] Refreshing IP repositories
INFO: [IP_Flow 19-1704] No user IP repositories specified
INFO: [IP_Flow 19-2313] Loaded Vivado IP repository 'D:/Xilinx/Vivado/2019.2/data/ip'.
open_project: Time (s): cpu = 00:00:18 ; elapsed = 00:00:08 . Memory (MB): peak = 966.188 ; gain = 295.207
update_compile_order -fileset sources_1
reset_run synth_1
launch_runs synth_1 -jobs 4
[Fri Jul 16 17:42:32 2021] Launched synth_1...
Run output will be captured here: C:/Users/Eternal/Desktop/QAQ/project_1/project_1.runs/synth_1/runme.log
launch_runs impl_1 -jobs 4
[Fri Jul 16 17:43:37 2021] Launched impl_1...
Run output will be captured here: C:/Users/Eternal/Desktop/QAQ/project_1/project_1.runs/impl_1/runme.log
exit
INFO: [Common 17-206] Exiting Vivado at Fri Jul 16 17:45:42 2021...
